#
# A fatal error has been detected by the Java Runtime Environment:
#
#  EXCEPTION_ACCESS_VIOLATION (0xc0000005) at pc=0x00007ff98326ea5f, pid=13284, tid=11756
#
# JRE version: Java(TM) SE Runtime Environment (17.0.2+8) (build 17.0.2+8-LTS-86)
# Java VM: Java HotSpot(TM) 64-Bit Server VM (17.0.2+8-LTS-86, mixed mode, sharing, tiered, compressed oops, compressed class ptrs, g1 gc, windows-amd64)
# Problematic frame:
# V  [jvm.dll+0x64ea5f]
#
# No core dump will be written. Minidumps are not enabled by default on client versions of Windows
#
# If you would like to submit a bug report, please visit:
#   https://bugreport.java.com/bugreport/crash.jsp
#

---------------  S U M M A R Y ------------

Command Line: -XX:+ShowCodeDetailsInExceptionMessages -agentlib:jdwp=transport=dt_socket,suspend=y,address=localhost:65435 -ea -javaagent:C:\Users\BUYPC\Desktop\sts-4.16.0.RELEASE\configuration\org.eclipse.osgi\268\0\.cp\lib\javaagent-shaded.jar -Dfile.encoding=UTF-8 org.eclipse.jdt.internal.junit.runner.RemoteTestRunner -version 3 -port 65434 -testLoaderClass org.eclipse.jdt.internal.junit5.runner.JUnit5TestLoader -loaderpluginname org.eclipse.jdt.junit5.runtime -test com.example.demo.CodingTestApplicationTests:getSurburbByPostCode

Host: Intel(R) Core(TM) i7-2640M CPU @ 2.80GHz, 4 cores, 7G,  Windows 10 , 64 bit Build 19041 (10.0.19041.1741)
Time: Thu Oct 20 00:06:30 2022 Pacific Daylight Time elapsed time: 16.347350 seconds (0d 0h 0m 16s)

---------------  T H R E A D  ---------------

Current thread (0x000001cff0c0a590):  JavaThread "C2 CompilerThread0" daemon [_thread_in_native, id=11756, stack(0x000000cb17600000,0x000000cb17700000)]


Current CompileTask:
C2:  16347 4226       4       org.springframework.core.annotation.AnnotationsScanner::getDeclaredAnnotations (166 bytes)

Stack: [0x000000cb17600000,0x000000cb17700000],  sp=0x000000cb176fb6d0,  free space=1005k
Native frames: (J=compiled Java code, j=interpreted, Vv=VM code, C=native code)
V  [jvm.dll+0x64ea5f]
V  [jvm.dll+0x69b377]
V  [jvm.dll+0x69b357]
V  [jvm.dll+0x69b195]
V  [jvm.dll+0x698e36]
V  [jvm.dll+0x69a729]
V  [jvm.dll+0x1b9c34]
V  [jvm.dll+0x215de9]
V  [jvm.dll+0x2150b1]
V  [jvm.dll+0x1a1bbd]
V  [jvm.dll+0x224908]
V  [jvm.dll+0x222a6c]
V  [jvm.dll+0x7859bb]
V  [jvm.dll+0x77ff7a]
V  [jvm.dll+0x66fa35]
C  [ucrtbase.dll+0x21bb2]
C  [KERNEL32.DLL+0x17034]
C  [ntdll.dll+0x52651]


siginfo: EXCEPTION_ACCESS_VIOLATION (0xc0000005), reading address 0x0000000000000110


Register to memory mapping:

RIP=0x00007ff98326ea5f jvm.dll
RAX=0x000001cff29ce3c8 points into unknown readable memory: 0x0000000000000000 | 00 00 00 00 00 00 00 00
RBX=0x000001cff29ce360 points into unknown readable memory: 0x00007ff9834ec148 | 48 c1 4e 83 f9 7f 00 00
RCX=0x0 is NULL
RDX=0x0000000000000100 is an unknown value
RSP=0x000000cb176fb6d0 is pointing into the stack for thread: 0x000001cff0c0a590
RBP=0x000000cb176fe8a0 is pointing into the stack for thread: 0x000001cff0c0a590
RSI=0x000001cff4dbe4b8 points into unknown readable memory: 0x00007ff9834d2c48 | 48 2c 4d 83 f9 7f 00 00
RDI=0x0000000000000002 is an unknown value
R8 =0x0000000000000002 is an unknown value
R9 =0x000001cff29ce3d0 points into unknown readable memory: 0x0000000000000000 | 00 00 00 00 00 00 00 00
R10=0x000001cff1810470 points into unknown readable memory: 0x000001cff44ced08 | 08 ed 4c f4 cf 01 00 00
R11=0x000001cff1810070 points into unknown readable memory: 0x000001cff4053580 | 80 35 05 f4 cf 01 00 00
R12=0x000001cff0be7aa0 points into unknown readable memory: 0x000001cfd3438340 | 40 83 43 d3 cf 01 00 00
R13=0x000001cff60ea230 points into unknown readable memory: 0x000001cff0bdc5d0 | d0 c5 bd f0 cf 01 00 00
R14=0x000000cb176fbf50 is pointing into the stack for thread: 0x000001cff0c0a590
R15=0x0000000000000001 is an unknown value


Registers:
RAX=0x000001cff29ce3c8, RBX=0x000001cff29ce360, RCX=0x0000000000000000, RDX=0x0000000000000100
RSP=0x000000cb176fb6d0, RBP=0x000000cb176fe8a0, RSI=0x000001cff4dbe4b8, RDI=0x0000000000000002
R8 =0x0000000000000002, R9 =0x000001cff29ce3d0, R10=0x000001cff1810470, R11=0x000001cff1810070
R12=0x000001cff0be7aa0, R13=0x000001cff60ea230, R14=0x000000cb176fbf50, R15=0x0000000000000001
RIP=0x00007ff98326ea5f, EFLAGS=0x0000000000010206

Top of Stack: (sp=0x000000cb176fb6d0)
0x000000cb176fb6d0:   000001cff40535f0 00007ff982d3d349
0x000000cb176fb6e0:   000001cff40535f0 000000cb176fbf50
0x000000cb176fb6f0:   000001cff29ce360 000001cff60e8be0
0x000000cb176fb700:   0000000000000002 00007ff9832bb377
0x000000cb176fb710:   000001cff4dbe4b8 000000cb176fbf50
0x000000cb176fb720:   0000000000000001 000001cff40535f0
0x000000cb176fb730:   000001cff60ea230 000001cff60e8be0
0x000000cb176fb740:   0000000000000001 000001cff60ea230
0x000000cb176fb750:   000001cff60e8be0 000000cb176fbf50
0x000000cb176fb760:   000001cff0be7aa0 000001cff5d15450
0x000000cb176fb770:   000001cff29ce360 00007ff9832bb357
0x000000cb176fb780:   0000000000000001 000001cff60e8be0
0x000000cb176fb790:   000001cff5d15450 000001cff40535f0
0x000000cb176fb7a0:   000001cff60ea230 000001cff60e8be0
0x000000cb176fb7b0:   000000cb176fbf50 0000000000000016
0x000000cb176fb7c0:   000001cff5381040 000001cff44ced08 

Instructions: (pc=0x00007ff98326ea5f)
0x00007ff98326e95f:   8b 48 28 48 8b 01 48 8b 5c 24 58 48 8b 6c 24 60
0x00007ff98326e96f:   48 8b 74 24 68 48 83 c4 20 41 5f 41 5e 41 5d 41
0x00007ff98326e97f:   5c 5f 48 ff a0 b0 00 00 00 cc cc cc cc cc cc cc
0x00007ff98326e98f:   cc 40 53 55 57 48 83 ec 20 8b 41 18 48 8b ea 4c
0x00007ff98326e99f:   89 74 24 48 48 8b d9 45 33 f6 41 8b fe 85 c0 0f
0x00007ff98326e9af:   84 89 00 00 00 44 8b 05 3d b0 4d 00 65 48 8b 04
0x00007ff98326e9bf:   25 58 00 00 00 48 89 74 24 40 4c 89 7c 24 50 41
0x00007ff98326e9cf:   bf 48 00 00 00 4a 8d 34 c0 0f 1f 84 00 00 00 00
0x00007ff98326e9df:   00 48 8b 43 08 8b cf 4c 8d 0c c8 48 8b 0c c8 48
0x00007ff98326e9ef:   85 c9 74 37 4c 8b 41 10 4d 85 c0 74 1d 8b 41 20
0x00007ff98326e9ff:   49 8d 14 c0 48 39 5a f8 48 8d 52 f8 75 f6 ff c8
0x00007ff98326ea0f:   89 41 20 49 8b 0c c0 48 89 0a 48 8b 06 4d 89 31
0x00007ff98326ea1f:   45 38 34 07 75 05 e8 92 ce 1d 00 8b 43 18 ff c7
0x00007ff98326ea2f:   3b f8 72 ad 4c 8b 7c 24 50 48 8b 74 24 40 8b 7b
0x00007ff98326ea3f:   1c 4c 8b 74 24 48 3b f8 76 4c 0f 1f 80 00 00 00
0x00007ff98326ea4f:   00 48 8b 43 08 ff cf 48 8b 14 f8 48 85 d2 74 31
0x00007ff98326ea5f:   4c 8b 42 10 4d 85 c0 74 1e 8b 4a 20 49 8d 04 c8
0x00007ff98326ea6f:   90 48 39 58 f8 48 8d 40 f8 75 f6 ff c9 89 4a 20
0x00007ff98326ea7f:   49 8b 14 c8 48 89 10 8b d7 48 8b cb e8 d0 f8 ff
0x00007ff98326ea8f:   ff 3b 7b 18 77 bb 8b 53 28 48 8b cd 48 83 c4 20
0x00007ff98326ea9f:   5f 5d 5b e9 99 0a bd ff cc cc cc cc cc cc cc cc
0x00007ff98326eaaf:   cc 48 89 5c 24 10 48 89 6c 24 18 48 89 74 24 20
0x00007ff98326eabf:   57 41 54 41 55 41 56 41 57 48 83 ec 20 44 8b 3d
0x00007ff98326eacf:   25 5a 43 00 49 8b e8 41 c7 40 18 00 00 00 00 48
0x00007ff98326eadf:   8b fa 45 8b 40 08 4c 8b e9 48 8b f2 48 89 54 24
0x00007ff98326eaef:   50 48 8b 4d 10 33 d2 49 c1 e0 03 45 32 e4 e8 90
0x00007ff98326eaff:   df 1d 00 48 85 f6 0f 84 11 02 00 00 0f 1f 44 00
0x00007ff98326eb0f:   00 48 83 7f 10 00 0f 84 01 02 00 00 49 3b fd 75
0x00007ff98326eb1f:   1d 83 7d 18 00 0f 84 11 02 00 00 45 84 e4 0f 85
0x00007ff98326eb2f:   e9 01 00 00 44 8b 3d be 59 43 00 41 b4 01 8b 4f
0x00007ff98326eb3f:   2c 8b c1 83 e0 0f 3c 09 0f 84 f2 01 00 00 80 f9
0x00007ff98326eb4f:   e0 0f 84 e9 01 00 00 48 8b 5f 08 48 8b 1b 48 85 


Stack slot to memory mapping:
stack at sp + 0 slots: 0x000001cff40535f0 points into unknown readable memory: 0x00007ff9834d7990 | 90 79 4d 83 f9 7f 00 00
stack at sp + 1 slots: 0x00007ff982d3d349 jvm.dll
stack at sp + 2 slots: 0x000001cff40535f0 points into unknown readable memory: 0x00007ff9834d7990 | 90 79 4d 83 f9 7f 00 00
stack at sp + 3 slots: 0x000000cb176fbf50 is pointing into the stack for thread: 0x000001cff0c0a590
stack at sp + 4 slots: 0x000001cff29ce360 points into unknown readable memory: 0x00007ff9834ec148 | 48 c1 4e 83 f9 7f 00 00
stack at sp + 5 slots: 0x000001cff60e8be0 points into unknown readable memory: 0x000001cff0bdc5d0 | d0 c5 bd f0 cf 01 00 00
stack at sp + 6 slots: 0x0000000000000002 is an unknown value
stack at sp + 7 slots: 0x00007ff9832bb377 jvm.dll


---------------  P R O C E S S  ---------------

Threads class SMR info:
_java_thread_list=0x000001cff959f000, length=18, elements={
0x000001cfd33e7600, 0x000001cff0bcc0f0, 0x000001cff0bcd700, 0x000001cff0bde120,
0x000001cff0bdfce0, 0x000001cff0be2e40, 0x000001cff0be84a0, 0x000001cff0c0a590,
0x000001cff0c0b030, 0x000001cff0c125e0, 0x000001cff189fce0, 0x000001cff19667a0,
0x000001cff19cb7d0, 0x000001cff19cbcc0, 0x000001cff2231920, 0x000001cff2403710,
0x000001cff61fe580, 0x000001cff4c191a0
}

Java Threads: ( => current thread )
  0x000001cfd33e7600 JavaThread "main" [_thread_in_native, id=13488, stack(0x000000cb16900000,0x000000cb16a00000)]
  0x000001cff0bcc0f0 JavaThread "Reference Handler" daemon [_thread_blocked, id=15564, stack(0x000000cb17000000,0x000000cb17100000)]
  0x000001cff0bcd700 JavaThread "Finalizer" daemon [_thread_blocked, id=13936, stack(0x000000cb17100000,0x000000cb17200000)]
  0x000001cff0bde120 JavaThread "Signal Dispatcher" daemon [_thread_blocked, id=14732, stack(0x000000cb17200000,0x000000cb17300000)]
  0x000001cff0bdfce0 JavaThread "Attach Listener" daemon [_thread_blocked, id=6000, stack(0x000000cb17300000,0x000000cb17400000)]
  0x000001cff0be2e40 JavaThread "Service Thread" daemon [_thread_blocked, id=4724, stack(0x000000cb17400000,0x000000cb17500000)]
  0x000001cff0be84a0 JavaThread "Monitor Deflation Thread" daemon [_thread_blocked, id=10080, stack(0x000000cb17500000,0x000000cb17600000)]
=>0x000001cff0c0a590 JavaThread "C2 CompilerThread0" daemon [_thread_in_native, id=11756, stack(0x000000cb17600000,0x000000cb17700000)]
  0x000001cff0c0b030 JavaThread "C1 CompilerThread0" daemon [_thread_blocked, id=6192, stack(0x000000cb17700000,0x000000cb17800000)]
  0x000001cff0c125e0 JavaThread "Sweeper thread" daemon [_thread_blocked, id=6928, stack(0x000000cb17800000,0x000000cb17900000)]
  0x000001cff189fce0 JavaThread "Common-Cleaner" daemon [_thread_blocked, id=16264, stack(0x000000cb17900000,0x000000cb17a00000)]
  0x000001cff19667a0 JavaThread "JDWP Transport Listener: dt_socket" daemon [_thread_blocked, id=9068, stack(0x000000cb17a00000,0x000000cb17b00000)]
  0x000001cff19cb7d0 JavaThread "JDWP Event Helper Thread" daemon [_thread_blocked, id=5348, stack(0x000000cb17b00000,0x000000cb17c00000)]
  0x000001cff19cbcc0 JavaThread "JDWP Command Reader" daemon [_thread_in_native, id=11736, stack(0x000000cb17c00000,0x000000cb17d00000)]
  0x000001cff2231920 JavaThread "Notification Thread" daemon [_thread_blocked, id=12908, stack(0x000000cb17e00000,0x000000cb17f00000)]
  0x000001cff2403710 JavaThread "ReaderThread" [_thread_in_native, id=9852, stack(0x000000cb18300000,0x000000cb18400000)]
  0x000001cff61fe580 JavaThread "C2 CompilerThread1" daemon [_thread_in_native, id=12108, stack(0x000000cb18200000,0x000000cb18300000)]
  0x000001cff4c191a0 JavaThread "HikariPool-1 housekeeper" daemon [_thread_blocked, id=13200, stack(0x000000cb18400000,0x000000cb18500000)]

Other Threads:
  0x000001cff0bc4940 VMThread "VM Thread" [stack: 0x000000cb16f00000,0x000000cb17000000] [id=2456]
  0x000001cfd3440a70 WatcherThread [stack: 0x000000cb17f00000,0x000000cb18000000] [id=12584]
  0x000001cfd3424150 GCTaskThread "GC Thread#0" [stack: 0x000000cb16a00000,0x000000cb16b00000] [id=15104]
  0x000001cff273ea10 GCTaskThread "GC Thread#1" [stack: 0x000000cb17d00000,0x000000cb17e00000] [id=8728]
  0x000001cff273ecc0 GCTaskThread "GC Thread#2" [stack: 0x000000cb18000000,0x000000cb18100000] [id=5408]
  0x000001cff263e120 GCTaskThread "GC Thread#3" [stack: 0x000000cb18100000,0x000000cb18200000] [id=9616]
  0x000001cfd3435580 ConcurrentGCThread "G1 Main Marker" [stack: 0x000000cb16b00000,0x000000cb16c00000] [id=14368]
  0x000001cfd3437810 ConcurrentGCThread "G1 Conc#0" [stack: 0x000000cb16c00000,0x000000cb16d00000] [id=10208]
  0x000001cfd34a10c0 ConcurrentGCThread "G1 Refine#0" [stack: 0x000000cb16d00000,0x000000cb16e00000] [id=15344]
  0x000001cff6574260 ConcurrentGCThread "G1 Refine#1" [stack: 0x000000cb18500000,0x000000cb18600000] [id=1532]
  0x000001cfd34a1ae0 ConcurrentGCThread "G1 Service" [stack: 0x000000cb16e00000,0x000000cb16f00000] [id=2536]

Threads with active compile tasks:
C2 CompilerThread0    16653 4226       4       org.springframework.core.annotation.AnnotationsScanner::getDeclaredAnnotations (166 bytes)
C2 CompilerThread1    16653 4274 %     4       org.eclipse.jdt.launching.internal.org.objectweb.asm.ClassReader::readCode @ 92 (5109 bytes)

VM state: not at safepoint (normal execution)

VM Mutex/Monitor currently owned by a thread: None

Heap address: 0x0000000081c00000, size: 2020 MB, Compressed Oops mode: 32-bit

CDS archive(s) mapped at: [0x0000000800000000-0x0000000800bc0000-0x0000000800bc0000), size 12320768, SharedBaseAddress: 0x0000000800000000, ArchiveRelocationMode: 0.
Compressed class space mapped at: 0x0000000800c00000-0x0000000840c00000, reserved size: 1073741824
Narrow klass base: 0x0000000800000000, Narrow klass shift: 0, Narrow klass range: 0x100000000

GC Precious Log:
 CPUs: 4 total, 4 available
 Memory: 8073M
 Large Page Support: Disabled
 NUMA Support: Disabled
 Compressed Oops: Enabled (32-bit)
 Heap Region Size: 1M
 Heap Min Capacity: 8M
 Heap Initial Capacity: 128M
 Heap Max Capacity: 2020M
 Pre-touch: Disabled
 Parallel Workers: 4
 Concurrent Workers: 1
 Concurrent Refinement Workers: 4
 Periodic GC: Disabled

Heap:
 garbage-first heap   total 75776K, used 49506K [0x0000000081c00000, 0x0000000100000000)
  region size 1024K, 37 young (37888K), 6 survivors (6144K)
 Metaspace       used 38874K, committed 39168K, reserved 1089536K
  class space    used 4910K, committed 5056K, reserved 1048576K

Heap Regions: E=young(eden), S=young(survivor), O=old, HS=humongous(starts), HC=humongous(continues), CS=collection set, F=free, OA=open archive, CA=closed archive, TAMS=top-at-mark-start (previous, next)
|   0|0x0000000081c00000, 0x0000000081d00000, 0x0000000081d00000|100%|HS|  |TAMS 0x0000000081d00000, 0x0000000081c00000| Complete 
|   1|0x0000000081d00000, 0x0000000081e00000, 0x0000000081e00000|100%| O|  |TAMS 0x0000000081e00000, 0x0000000081d00000| Untracked 
|   2|0x0000000081e00000, 0x0000000081f00000, 0x0000000081f00000|100%| O|  |TAMS 0x0000000081f00000, 0x0000000081e00000| Untracked 
|   3|0x0000000081f00000, 0x0000000082000000, 0x0000000082000000|100%| O|  |TAMS 0x0000000082000000, 0x0000000081f00000| Untracked 
|   4|0x0000000082000000, 0x0000000082100000, 0x0000000082100000|100%| O|  |TAMS 0x0000000082100000, 0x0000000082000000| Untracked 
|   5|0x0000000082100000, 0x0000000082200000, 0x0000000082200000|100%| O|  |TAMS 0x0000000082200000, 0x0000000082100000| Untracked 
|   6|0x0000000082200000, 0x00000000822c3000, 0x0000000082300000| 76%| O|  |TAMS 0x00000000822c3000, 0x0000000082200000| Untracked 
|   7|0x0000000082300000, 0x0000000082400000, 0x0000000082400000|100%| O|  |TAMS 0x0000000082400000, 0x0000000082300000| Untracked 
|   8|0x0000000082400000, 0x0000000082500000, 0x0000000082500000|100%| O|  |TAMS 0x0000000082500000, 0x0000000082400000| Untracked 
|   9|0x0000000082500000, 0x0000000082600000, 0x0000000082600000|100%| O|  |TAMS 0x0000000082600000, 0x0000000082500000| Untracked 
|  10|0x0000000082600000, 0x0000000082700000, 0x0000000082700000|100%| O|  |TAMS 0x0000000082700000, 0x0000000082600000| Untracked 
|  11|0x0000000082700000, 0x0000000082800000, 0x0000000082800000|100%| O|  |TAMS 0x0000000082800000, 0x0000000082700000| Untracked 
|  12|0x0000000082800000, 0x0000000082900000, 0x0000000082900000|100%| O|  |TAMS 0x0000000082900000, 0x0000000082800000| Untracked 
|  13|0x0000000082900000, 0x0000000082a00000, 0x0000000082a00000|100%| O|  |TAMS 0x0000000082a00000, 0x0000000082900000| Untracked 
|  14|0x0000000082a00000, 0x0000000082a00000, 0x0000000082b00000|  0%| F|  |TAMS 0x0000000082a00000, 0x0000000082a00000| Untracked 
|  15|0x0000000082b00000, 0x0000000082b00000, 0x0000000082c00000|  0%| F|  |TAMS 0x0000000082b00000, 0x0000000082b00000| Untracked 
|  16|0x0000000082c00000, 0x0000000082c00000, 0x0000000082d00000|  0%| F|  |TAMS 0x0000000082c00000, 0x0000000082c00000| Untracked 
|  17|0x0000000082d00000, 0x0000000082d00000, 0x0000000082e00000|  0%| F|  |TAMS 0x0000000082d00000, 0x0000000082d00000| Untracked 
|  18|0x0000000082e00000, 0x0000000082e00000, 0x0000000082f00000|  0%| F|  |TAMS 0x0000000082e00000, 0x0000000082e00000| Untracked 
|  19|0x0000000082f00000, 0x0000000082f00000, 0x0000000083000000|  0%| F|  |TAMS 0x0000000082f00000, 0x0000000082f00000| Untracked 
|  20|0x0000000083000000, 0x0000000083000000, 0x0000000083100000|  0%| F|  |TAMS 0x0000000083000000, 0x0000000083000000| Untracked 
|  21|0x0000000083100000, 0x0000000083100000, 0x0000000083200000|  0%| F|  |TAMS 0x0000000083100000, 0x0000000083100000| Untracked 
|  22|0x0000000083200000, 0x0000000083200000, 0x0000000083300000|  0%| F|  |TAMS 0x0000000083200000, 0x0000000083200000| Untracked 
|  23|0x0000000083300000, 0x0000000083300000, 0x0000000083400000|  0%| F|  |TAMS 0x0000000083300000, 0x0000000083300000| Untracked 
|  24|0x0000000083400000, 0x0000000083400000, 0x0000000083500000|  0%| F|  |TAMS 0x0000000083400000, 0x0000000083400000| Untracked 
|  25|0x0000000083500000, 0x0000000083500000, 0x0000000083600000|  0%| F|  |TAMS 0x0000000083500000, 0x0000000083500000| Untracked 
|  26|0x0000000083600000, 0x0000000083600000, 0x0000000083700000|  0%| F|  |TAMS 0x0000000083600000, 0x0000000083600000| Untracked 
|  27|0x0000000083700000, 0x0000000083700000, 0x0000000083800000|  0%| F|  |TAMS 0x0000000083700000, 0x0000000083700000| Untracked 
|  28|0x0000000083800000, 0x0000000083800000, 0x0000000083900000|  0%| F|  |TAMS 0x0000000083800000, 0x0000000083800000| Untracked 
|  29|0x0000000083900000, 0x0000000083900000, 0x0000000083a00000|  0%| F|  |TAMS 0x0000000083900000, 0x0000000083900000| Untracked 
|  30|0x0000000083a00000, 0x0000000083a00000, 0x0000000083b00000|  0%| F|  |TAMS 0x0000000083a00000, 0x0000000083a00000| Untracked 
|  31|0x0000000083b00000, 0x0000000083b00000, 0x0000000083c00000|  0%| F|  |TAMS 0x0000000083b00000, 0x0000000083b00000| Untracked 
|  32|0x0000000083c00000, 0x0000000083c00000, 0x0000000083d00000|  0%| F|  |TAMS 0x0000000083c00000, 0x0000000083c00000| Untracked 
|  33|0x0000000083d00000, 0x0000000083d00000, 0x0000000083e00000|  0%| F|  |TAMS 0x0000000083d00000, 0x0000000083d00000| Untracked 
|  34|0x0000000083e00000, 0x0000000083e00000, 0x0000000083f00000|  0%| F|  |TAMS 0x0000000083e00000, 0x0000000083e00000| Untracked 
|  35|0x0000000083f00000, 0x0000000083f00000, 0x0000000084000000|  0%| F|  |TAMS 0x0000000083f00000, 0x0000000083f00000| Untracked 
|  36|0x0000000084000000, 0x0000000084000000, 0x0000000084100000|  0%| F|  |TAMS 0x0000000084000000, 0x0000000084000000| Untracked 
|  37|0x0000000084100000, 0x0000000084180800, 0x0000000084200000| 50%| E|  |TAMS 0x0000000084100000, 0x0000000084100000| Complete 
|  38|0x0000000084200000, 0x0000000084300000, 0x0000000084300000|100%| E|CS|TAMS 0x0000000084200000, 0x0000000084200000| Complete 
|  39|0x0000000084300000, 0x00000000843959e0, 0x0000000084400000| 58%| S|CS|TAMS 0x0000000084300000, 0x0000000084300000| Complete 
|  40|0x0000000084400000, 0x0000000084500000, 0x0000000084500000|100%| S|CS|TAMS 0x0000000084400000, 0x0000000084400000| Complete 
|  41|0x0000000084500000, 0x0000000084600000, 0x0000000084600000|100%| S|CS|TAMS 0x0000000084500000, 0x0000000084500000| Complete 
|  42|0x0000000084600000, 0x0000000084700000, 0x0000000084700000|100%| S|CS|TAMS 0x0000000084600000, 0x0000000084600000| Complete 
|  43|0x0000000084700000, 0x0000000084800000, 0x0000000084800000|100%| S|CS|TAMS 0x0000000084700000, 0x0000000084700000| Complete 
|  44|0x0000000084800000, 0x0000000084900000, 0x0000000084900000|100%| S|CS|TAMS 0x0000000084800000, 0x0000000084800000| Complete 
|  45|0x0000000084900000, 0x0000000084a00000, 0x0000000084a00000|100%| E|CS|TAMS 0x0000000084900000, 0x0000000084900000| Complete 
|  46|0x0000000084a00000, 0x0000000084b00000, 0x0000000084b00000|100%| E|CS|TAMS 0x0000000084a00000, 0x0000000084a00000| Complete 
|  47|0x0000000084b00000, 0x0000000084c00000, 0x0000000084c00000|100%| E|CS|TAMS 0x0000000084b00000, 0x0000000084b00000| Complete 
|  48|0x0000000084c00000, 0x0000000084d00000, 0x0000000084d00000|100%| E|CS|TAMS 0x0000000084c00000, 0x0000000084c00000| Complete 
|  49|0x0000000084d00000, 0x0000000084e00000, 0x0000000084e00000|100%| E|CS|TAMS 0x0000000084d00000, 0x0000000084d00000| Complete 
|  50|0x0000000084e00000, 0x0000000084f00000, 0x0000000084f00000|100%| E|CS|TAMS 0x0000000084e00000, 0x0000000084e00000| Complete 
|  51|0x0000000084f00000, 0x0000000085000000, 0x0000000085000000|100%| E|CS|TAMS 0x0000000084f00000, 0x0000000084f00000| Complete 
|  52|0x0000000085000000, 0x0000000085100000, 0x0000000085100000|100%| E|CS|TAMS 0x0000000085000000, 0x0000000085000000| Complete 
|  53|0x0000000085100000, 0x0000000085200000, 0x0000000085200000|100%| E|CS|TAMS 0x0000000085100000, 0x0000000085100000| Complete 
|  54|0x0000000085200000, 0x0000000085300000, 0x0000000085300000|100%| E|CS|TAMS 0x0000000085200000, 0x0000000085200000| Complete 
|  55|0x0000000085300000, 0x0000000085400000, 0x0000000085400000|100%| E|CS|TAMS 0x0000000085300000, 0x0000000085300000| Complete 
|  56|0x0000000085400000, 0x0000000085500000, 0x0000000085500000|100%| E|CS|TAMS 0x0000000085400000, 0x0000000085400000| Complete 
|  57|0x0000000085500000, 0x0000000085600000, 0x0000000085600000|100%| E|CS|TAMS 0x0000000085500000, 0x0000000085500000| Complete 
|  58|0x0000000085600000, 0x0000000085700000, 0x0000000085700000|100%| E|CS|TAMS 0x0000000085600000, 0x0000000085600000| Complete 
|  59|0x0000000085700000, 0x0000000085800000, 0x0000000085800000|100%| E|CS|TAMS 0x0000000085700000, 0x0000000085700000| Complete 
|  60|0x0000000085800000, 0x0000000085900000, 0x0000000085900000|100%| E|CS|TAMS 0x0000000085800000, 0x0000000085800000| Complete 
|  61|0x0000000085900000, 0x0000000085a00000, 0x0000000085a00000|100%| E|  |TAMS 0x0000000085900000, 0x0000000085900000| Complete 
|  62|0x0000000085a00000, 0x0000000085b00000, 0x0000000085b00000|100%| E|CS|TAMS 0x0000000085a00000, 0x0000000085a00000| Complete 
|  63|0x0000000085b00000, 0x0000000085c00000, 0x0000000085c00000|100%| E|CS|TAMS 0x0000000085b00000, 0x0000000085b00000| Complete 
|  64|0x0000000085c00000, 0x0000000085d00000, 0x0000000085d00000|100%| E|CS|TAMS 0x0000000085c00000, 0x0000000085c00000| Complete 
|  65|0x0000000085d00000, 0x0000000085e00000, 0x0000000085e00000|100%| E|CS|TAMS 0x0000000085d00000, 0x0000000085d00000| Complete 
|  66|0x0000000085e00000, 0x0000000085f00000, 0x0000000085f00000|100%| E|CS|TAMS 0x0000000085e00000, 0x0000000085e00000| Complete 
|  67|0x0000000085f00000, 0x0000000086000000, 0x0000000086000000|100%| E|CS|TAMS 0x0000000085f00000, 0x0000000085f00000| Complete 
|  68|0x0000000086000000, 0x0000000086100000, 0x0000000086100000|100%| E|CS|TAMS 0x0000000086000000, 0x0000000086000000| Complete 
|  69|0x0000000086100000, 0x0000000086200000, 0x0000000086200000|100%| E|CS|TAMS 0x0000000086100000, 0x0000000086100000| Complete 
|  70|0x0000000086200000, 0x0000000086300000, 0x0000000086300000|100%| E|CS|TAMS 0x0000000086200000, 0x0000000086200000| Complete 
|  71|0x0000000086300000, 0x0000000086400000, 0x0000000086400000|100%| E|CS|TAMS 0x0000000086300000, 0x0000000086300000| Complete 
|  92|0x0000000087800000, 0x0000000087900000, 0x0000000087900000|100%| E|CS|TAMS 0x0000000087800000, 0x0000000087800000| Complete 
| 127|0x0000000089b00000, 0x0000000089c00000, 0x0000000089c00000|100%| E|CS|TAMS 0x0000000089b00000, 0x0000000089b00000| Complete 

Card table byte_map: [0x000001cfea030000,0x000001cfea430000] _byte_map_base: 0x000001cfe9c22000

Marking Bits (Prev, Next): (CMBitMap*) 0x000001cfd3424760, (CMBitMap*) 0x000001cfd34247a0
 Prev Bits: [0x000001cfea830000, 0x000001cfec7c0000)
 Next Bits: [0x000001cfec7c0000, 0x000001cfee750000)

Polling page: 0x000001cfd1180000

Metaspace:

Usage:
  Non-class:     33.17 MB used.
      Class:      4.80 MB used.
       Both:     37.96 MB used.

Virtual space:
  Non-class space:       40.00 MB reserved,      33.31 MB ( 83%) committed,  5 nodes.
      Class space:        1.00 GB reserved,       4.94 MB ( <1%) committed,  1 nodes.
             Both:        1.04 GB reserved,      38.25 MB (  4%) committed. 

Chunk freelists:
   Non-Class:  2.56 MB
       Class:  3.03 MB
        Both:  5.59 MB

MaxMetaspaceSize: unlimited
CompressedClassSpaceSize: 1.00 GB
Initial GC threshold: 21.00 MB
Current GC threshold: 58.88 MB
CDS: on
MetaspaceReclaimPolicy: balanced
 - commit_granule_bytes: 65536.
 - commit_granule_words: 8192.
 - virtual_space_node_default_size: 1048576.
 - enlarge_chunks_in_place: 1.
 - new_chunks_are_fully_committed: 0.
 - uncommit_free_chunks: 1.
 - use_allocation_guard: 0.
 - handle_deallocations: 1.


Internal statistics:

num_allocs_failed_limit: 6.
num_arena_births: 350.
num_arena_deaths: 0.
num_vsnodes_births: 6.
num_vsnodes_deaths: 0.
num_space_committed: 612.
num_space_uncommitted: 0.
num_chunks_returned_to_freelist: 6.
num_chunks_taken_from_freelist: 1673.
num_chunk_merges: 6.
num_chunk_splits: 1176.
num_chunks_enlarged: 911.
num_purges: 0.
num_inconsistent_stats: 0.

CodeHeap 'non-profiled nmethods': size=120000Kb used=2478Kb max_used=3226Kb free=117521Kb
 bounds [0x000001cfe2700000, 0x000001cfe2a30000, 0x000001cfe9c30000]
CodeHeap 'profiled nmethods': size=120000Kb used=7650Kb max_used=9809Kb free=112349Kb
 bounds [0x000001cfdb1d0000, 0x000001cfdbb70000, 0x000001cfe2700000]
CodeHeap 'non-nmethods': size=5760Kb used=1308Kb max_used=1363Kb free=4451Kb
 bounds [0x000001cfdac30000, 0x000001cfdaea0000, 0x000001cfdb1d0000]
 total_blobs=4170 nmethods=3619 adapters=463
 compilation: enabled
              stopped_count=0, restarted_count=0
 full_count=0

Compilation events (20 events):
Event: 16.019 Thread 0x000001cff0c0b030 4257       3       java.io.DataInputStream::readFully (9 bytes)
Event: 16.019 Thread 0x000001cff0c0b030 nmethod 4257 0x000001cfdbb56e90 code [0x000001cfdbb57040, 0x000001cfdbb571a8]
Event: 16.023 Thread 0x000001cff0c0b030 4259       1       java.time.temporal.ValueRange::getMinimum (5 bytes)
Event: 16.023 Thread 0x000001cff0c0b030 nmethod 4259 0x000001cfe2a11090 code [0x000001cfe2a11220, 0x000001cfe2a112f8]
Event: 16.023 Thread 0x000001cff0c0b030 4260       1       java.time.temporal.ValueRange::getMaximum (5 bytes)
Event: 16.023 Thread 0x000001cff0c0b030 nmethod 4260 0x000001cfe2a11390 code [0x000001cfe2a11520, 0x000001cfe2a115f8]
Event: 16.023 Thread 0x000001cff0c0b030 4261       1       java.time.temporal.ChronoField::range (5 bytes)
Event: 16.023 Thread 0x000001cff0c0b030 nmethod 4261 0x000001cfe2a11690 code [0x000001cfe2a11820, 0x000001cfe2a118f8]
Event: 16.023 Thread 0x000001cff0c0b030 4262       1       java.time.ZoneOffset::getTotalSeconds (5 bytes)
Event: 16.023 Thread 0x000001cff0c0b030 nmethod 4262 0x000001cfe2a11990 code [0x000001cfe2a11b20, 0x000001cfe2a11bf8]
Event: 16.023 Thread 0x000001cff0c0b030 4263       3       java.time.temporal.ValueRange::isValidValue (24 bytes)
Event: 16.023 Thread 0x000001cff0c0b030 nmethod 4263 0x000001cfdbb57290 code [0x000001cfdbb57420, 0x000001cfdbb575f8]
Event: 16.023 Thread 0x000001cff0c0b030 4266       3       java.time.temporal.ChronoField::checkValidValue (10 bytes)
Event: 16.024 Thread 0x000001cff0c0b030 nmethod 4266 0x000001cfdbb57690 code [0x000001cfdbb57840, 0x000001cfdbb579a8]
Event: 16.024 Thread 0x000001cff0c0b030 4267       3       java.time.temporal.ValueRange::checkValidValue (24 bytes)
Event: 16.024 Thread 0x000001cff0c0b030 nmethod 4267 0x000001cfdbb57a90 code [0x000001cfdbb57c60, 0x000001cfdbb58018]
Event: 16.024 Thread 0x000001cff0c0b030 4264       1       java.time.zone.ZoneOffsetTransition::getOffsetAfter (5 bytes)
Event: 16.024 Thread 0x000001cff0c0b030 nmethod 4264 0x000001cfe2a11c90 code [0x000001cfe2a11e20, 0x000001cfe2a11ef8]
Event: 16.024 Thread 0x000001cff0c0b030 4265       1       java.time.zone.ZoneOffsetTransition::getOffsetBefore (5 bytes)
Event: 16.024 Thread 0x000001cff0c0b030 nmethod 4265 0x000001cfe2a12290 code [0x000001cfe2a12420, 0x000001cfe2a124f8]

GC Heap History (20 events):
Event: 8.268 GC heap before
{Heap before GC invocations=3 (full 0):
 garbage-first heap   total 131072K, used 84393K [0x0000000081c00000, 0x0000000100000000)
  region size 1024K, 76 young (77824K), 2 survivors (2048K)
 Metaspace       used 16110K, committed 16320K, reserved 1064960K
  class space    used 2022K, committed 2112K, reserved 1048576K
}
Event: 8.276 GC heap after
{Heap after GC invocations=4 (full 0):
 garbage-first heap   total 131072K, used 10905K [0x0000000081c00000, 0x0000000100000000)
  region size 1024K, 5 young (5120K), 5 survivors (5120K)
 Metaspace       used 16110K, committed 16320K, reserved 1064960K
  class space    used 2022K, committed 2112K, reserved 1048576K
}
Event: 9.112 GC heap before
{Heap before GC invocations=4 (full 0):
 garbage-first heap   total 131072K, used 68249K [0x0000000081c00000, 0x0000000100000000)
  region size 1024K, 63 young (64512K), 5 survivors (5120K)
 Metaspace       used 21250K, committed 21504K, reserved 1073152K
  class space    used 2719K, committed 2880K, reserved 1048576K
}
Event: 9.120 GC heap after
{Heap after GC invocations=5 (full 0):
 garbage-first heap   total 131072K, used 12448K [0x0000000081c00000, 0x0000000100000000)
  region size 1024K, 6 young (6144K), 6 survivors (6144K)
 Metaspace       used 21250K, committed 21504K, reserved 1073152K
  class space    used 2719K, committed 2880K, reserved 1048576K
}
Event: 9.499 GC heap before
{Heap before GC invocations=6 (full 0):
 garbage-first heap   total 48128K, used 33952K [0x0000000081c00000, 0x0000000100000000)
  region size 1024K, 28 young (28672K), 6 survivors (6144K)
 Metaspace       used 23060K, committed 23296K, reserved 1073152K
  class space    used 2920K, committed 3072K, reserved 1048576K
}
Event: 9.509 GC heap after
{Heap after GC invocations=7 (full 0):
 garbage-first heap   total 48128K, used 13193K [0x0000000081c00000, 0x0000000100000000)
  region size 1024K, 3 young (3072K), 3 survivors (3072K)
 Metaspace       used 23060K, committed 23296K, reserved 1073152K
  class space    used 2920K, committed 3072K, reserved 1048576K
}
Event: 9.520 GC heap before
{Heap before GC invocations=7 (full 0):
 garbage-first heap   total 48128K, used 13193K [0x0000000081c00000, 0x0000000100000000)
  region size 1024K, 4 young (4096K), 3 survivors (3072K)
 Metaspace       used 23127K, committed 23360K, reserved 1073152K
  class space    used 2924K, committed 3072K, reserved 1048576K
}
Event: 9.525 GC heap after
{Heap after GC invocations=8 (full 0):
 garbage-first heap   total 48128K, used 13058K [0x0000000081c00000, 0x0000000100000000)
  region size 1024K, 1 young (1024K), 1 survivors (1024K)
 Metaspace       used 23127K, committed 23360K, reserved 1073152K
  class space    used 2924K, committed 3072K, reserved 1048576K
}
Event: 9.827 GC heap before
{Heap before GC invocations=8 (full 0):
 garbage-first heap   total 48128K, used 34562K [0x0000000081c00000, 0x0000000100000000)
  region size 1024K, 22 young (22528K), 1 survivors (1024K)
 Metaspace       used 24580K, committed 24832K, reserved 1073152K
  class space    used 3142K, committed 3264K, reserved 1048576K
}
Event: 9.831 GC heap after
{Heap after GC invocations=9 (full 0):
 garbage-first heap   total 48128K, used 13325K [0x0000000081c00000, 0x0000000100000000)
  region size 1024K, 1 young (1024K), 1 survivors (1024K)
 Metaspace       used 24580K, committed 24832K, reserved 1073152K
  class space    used 3142K, committed 3264K, reserved 1048576K
}
Event: 10.423 GC heap before
{Heap before GC invocations=9 (full 0):
 garbage-first heap   total 48128K, used 34829K [0x0000000081c00000, 0x0000000100000000)
  region size 1024K, 23 young (23552K), 1 survivors (1024K)
 Metaspace       used 25979K, committed 26304K, reserved 1073152K
  class space    used 3310K, committed 3456K, reserved 1048576K
}
Event: 10.428 GC heap after
{Heap after GC invocations=10 (full 0):
 garbage-first heap   total 48128K, used 14190K [0x0000000081c00000, 0x0000000100000000)
  region size 1024K, 2 young (2048K), 2 survivors (2048K)
 Metaspace       used 25979K, committed 26304K, reserved 1073152K
  class space    used 3310K, committed 3456K, reserved 1048576K
}
Event: 10.936 GC heap before
{Heap before GC invocations=10 (full 0):
 garbage-first heap   total 48128K, used 36718K [0x0000000081c00000, 0x0000000100000000)
  region size 1024K, 24 young (24576K), 2 survivors (2048K)
 Metaspace       used 27549K, committed 27840K, reserved 1081344K
  class space    used 3536K, committed 3712K, reserved 1048576K
}
Event: 10.939 GC heap after
{Heap after GC invocations=11 (full 0):
 garbage-first heap   total 48128K, used 14884K [0x0000000081c00000, 0x0000000100000000)
  region size 1024K, 3 young (3072K), 3 survivors (3072K)
 Metaspace       used 27549K, committed 27840K, reserved 1081344K
  class space    used 3536K, committed 3712K, reserved 1048576K
}
Event: 11.459 GC heap before
{Heap before GC invocations=11 (full 0):
 garbage-first heap   total 48128K, used 36388K [0x0000000081c00000, 0x0000000100000000)
  region size 1024K, 25 young (25600K), 3 survivors (3072K)
 Metaspace       used 29459K, committed 29760K, reserved 1081344K
  class space    used 3797K, committed 3968K, reserved 1048576K
}
Event: 11.466 GC heap after
{Heap after GC invocations=12 (full 0):
 garbage-first heap   total 48128K, used 15942K [0x0000000081c00000, 0x0000000100000000)
  region size 1024K, 4 young (4096K), 4 survivors (4096K)
 Metaspace       used 29459K, committed 29760K, reserved 1081344K
  class space    used 3797K, committed 3968K, reserved 1048576K
}
Event: 12.453 GC heap before
{Heap before GC invocations=12 (full 0):
 garbage-first heap   total 48128K, used 37446K [0x0000000081c00000, 0x0000000100000000)
  region size 1024K, 25 young (25600K), 4 survivors (4096K)
 Metaspace       used 31140K, committed 31360K, reserved 1081344K
  class space    used 4054K, committed 4160K, reserved 1048576K
}
Event: 12.461 GC heap after
{Heap after GC invocations=13 (full 0):
 garbage-first heap   total 96256K, used 17426K [0x0000000081c00000, 0x0000000100000000)
  region size 1024K, 4 young (4096K), 4 survivors (4096K)
 Metaspace       used 31140K, committed 31360K, reserved 1081344K
  class space    used 4054K, committed 4160K, reserved 1048576K
}
Event: 15.843 GC heap before
{Heap before GC invocations=13 (full 0):
 garbage-first heap   total 96256K, used 66578K [0x0000000081c00000, 0x0000000100000000)
  region size 1024K, 53 young (54272K), 4 survivors (4096K)
 Metaspace       used 35690K, committed 35968K, reserved 1081344K
  class space    used 4535K, committed 4672K, reserved 1048576K
}
Event: 15.854 GC heap after
{Heap after GC invocations=14 (full 0):
 garbage-first heap   total 96256K, used 19810K [0x0000000081c00000, 0x0000000100000000)
  region size 1024K, 6 young (6144K), 6 survivors (6144K)
 Metaspace       used 35690K, committed 35968K, reserved 1081344K
  class space    used 4535K, committed 4672K, reserved 1048576K
}

Deoptimization events (20 events):
Event: 15.347 Thread 0x000001cfd33e7600 Uncommon trap: trap_request=0xffffff45 fr.pc=0x000001cfe2746850 relative=0x0000000000001370
Event: 15.347 Thread 0x000001cfd33e7600 Uncommon trap: reason=unstable_if action=reinterpret pc=0x000001cfe2746850 method=java.util.jar.JarFile.getVersionedEntry(Ljava/lang/String;Ljava/util/jar/JarEntry;)Ljava/util/jar/JarEntry; @ 26 c2
Event: 15.347 Thread 0x000001cfd33e7600 DEOPT PACKING pc=0x000001cfe2746850 sp=0x000000cb169f80c0
Event: 15.347 Thread 0x000001cfd33e7600 DEOPT UNPACKING pc=0x000001cfdac823a3 sp=0x000000cb169f8040 mode 2
Event: 15.356 Thread 0x000001cfd33e7600 Uncommon trap: trap_request=0xffffffde fr.pc=0x000001cfe29a3dfc relative=0x0000000000000fdc
Event: 15.356 Thread 0x000001cfd33e7600 Uncommon trap: reason=class_check action=maybe_recompile pc=0x000001cfe29a3dfc method=java.util.Properties$LineReader.readLine()I @ 479 c2
Event: 15.356 Thread 0x000001cfd33e7600 DEOPT PACKING pc=0x000001cfe29a3dfc sp=0x000000cb169f8390
Event: 15.356 Thread 0x000001cfd33e7600 DEOPT UNPACKING pc=0x000001cfdac823a3 sp=0x000000cb169f8318 mode 2
Event: 15.671 Thread 0x000001cfd33e7600 Uncommon trap: trap_request=0xffffff97 fr.pc=0x000001cfe29c2dbc relative=0x000000000000011c
Event: 15.671 Thread 0x000001cfd33e7600 Uncommon trap: reason=unhandled action=none pc=0x000001cfe29c2dbc method=jdk.internal.loader.BuiltinClassLoader.loadClass(Ljava/lang/String;Z)Ljava/lang/Class; @ 19 c2
Event: 15.671 Thread 0x000001cfd33e7600 DEOPT PACKING pc=0x000001cfe29c2dbc sp=0x000000cb169f8320
Event: 15.671 Thread 0x000001cfd33e7600 DEOPT UNPACKING pc=0x000001cfdac823a3 sp=0x000000cb169f8240 mode 2
Event: 15.671 Thread 0x000001cfd33e7600 DEOPT PACKING pc=0x000001cfdb363adc sp=0x000000cb169f8370
Event: 15.671 Thread 0x000001cfd33e7600 DEOPT UNPACKING pc=0x000001cfdac82b43 sp=0x000000cb169f7828 mode 1
Event: 15.671 Thread 0x000001cfd33e7600 DEOPT PACKING pc=0x000001cfdb57446c sp=0x000000cb169f8d50
Event: 15.671 Thread 0x000001cfd33e7600 DEOPT UNPACKING pc=0x000001cfdac82b43 sp=0x000000cb169f8220 mode 1
Event: 15.830 Thread 0x000001cfd33e7600 DEOPT PACKING pc=0x000001cfdbb4e5bf sp=0x000000cb169f6570
Event: 15.830 Thread 0x000001cfd33e7600 DEOPT UNPACKING pc=0x000001cfdac82b43 sp=0x000000cb169f5a98 mode 0
Event: 15.942 Thread 0x000001cfd33e7600 DEOPT PACKING pc=0x000001cfdbb4e5bf sp=0x000000cb169f63c0
Event: 15.942 Thread 0x000001cfd33e7600 DEOPT UNPACKING pc=0x000001cfdac82b43 sp=0x000000cb169f58e8 mode 0

Classes unloaded (0 events):
No events

Classes redefined (0 events):
No events

Internal exceptions (20 events):
Event: 15.103 Thread 0x000001cfd33e7600 Exception <a 'java/lang/ClassNotFoundException'{0x0000000085852bf0}: org/springframework/boot/autoconfigure/h2/H2ConsoleAutoConfigurationCustomizer> (0x0000000085852bf0) 
thrown [t:\workspace\open\src\hotspot\share\classfile\systemDictionary.cpp, line 256]
Event: 15.106 Thread 0x000001cfd33e7600 Exception <a 'java/lang/ClassNotFoundException'{0x0000000085863940}: java/lang/ObjectCustomizer> (0x0000000085863940) 
thrown [t:\workspace\open\src\hotspot\share\classfile\systemDictionary.cpp, line 256]
Event: 15.109 Thread 0x000001cfd33e7600 Exception <a 'java/lang/ClassNotFoundException'{0x00000000858720a8}: org/springframework/boot/autoconfigure/h2/H2ConsolePropertiesCustomizer> (0x00000000858720a8) 
thrown [t:\workspace\open\src\hotspot\share\classfile\systemDictionary.cpp, line 256]
Event: 15.116 Thread 0x000001cfd33e7600 Exception <a 'java/lang/ClassNotFoundException'{0x000000008589c7b8}: java/lang/ObjectCustomizer> (0x000000008589c7b8) 
thrown [t:\workspace\open\src\hotspot\share\classfile\systemDictionary.cpp, line 256]
Event: 15.119 Thread 0x000001cfd33e7600 Exception <a 'java/lang/ClassNotFoundException'{0x00000000858a8f28}: org/springframework/boot/autoconfigure/jdbc/DataSourceConfiguration$HikariCustomizer> (0x00000000858a8f28) 
thrown [t:\workspace\open\src\hotspot\share\classfile\systemDictionary.cpp, line 256]
Event: 15.123 Thread 0x000001cfd33e7600 Exception <a 'java/lang/ClassNotFoundException'{0x00000000858b7a60}: java/lang/ObjectCustomizer> (0x00000000858b7a60) 
thrown [t:\workspace\open\src\hotspot\share\classfile\systemDictionary.cpp, line 256]
Event: 15.125 Thread 0x000001cfd33e7600 Exception <a 'java/lang/ClassNotFoundException'{0x00000000858c3eb0}: org/springframework/boot/autoconfigure/jdbc/DataSourcePropertiesCustomizer> (0x00000000858c3eb0) 
thrown [t:\workspace\open\src\hotspot\share\classfile\systemDictionary.cpp, line 256]
Event: 15.129 Thread 0x000001cfd33e7600 Exception <a 'java/lang/ClassNotFoundException'{0x00000000858e6548}: org/springframework/beans/factory/BeanClassLoaderAwareCustomizer> (0x00000000858e6548) 
thrown [t:\workspace\open\src\hotspot\share\classfile\systemDictionary.cpp, line 256]
Event: 15.131 Thread 0x000001cfd33e7600 Exception <a 'java/lang/ClassNotFoundException'{0x00000000858efbc8}: org/springframework/beans/factory/AwareCustomizer> (0x00000000858efbc8) 
thrown [t:\workspace\open\src\hotspot\share\classfile\systemDictionary.cpp, line 256]
Event: 15.134 Thread 0x000001cfd33e7600 Exception <a 'java/lang/ClassNotFoundException'{0x00000000858f86f8}: org/springframework/beans/factory/InitializingBeanCustomizer> (0x00000000858f86f8) 
thrown [t:\workspace\open\src\hotspot\share\classfile\systemDictionary.cpp, line 256]
Event: 15.178 Thread 0x000001cfd33e7600 Exception <a 'java/lang/ClassNotFoundException'{0x00000000856d0e40}: java/lang/ObjectCustomizer> (0x00000000856d0e40) 
thrown [t:\workspace\open\src\hotspot\share\classfile\systemDictionary.cpp, line 256]
Event: 15.180 Thread 0x000001cfd33e7600 Exception <a 'java/lang/ClassNotFoundException'{0x00000000856dc730}: com/zaxxer/hikari/HikariConfigCustomizer> (0x00000000856dc730) 
thrown [t:\workspace\open\src\hotspot\share\classfile\systemDictionary.cpp, line 256]
Event: 15.185 Thread 0x000001cfd33e7600 Exception <a 'java/lang/ClassNotFoundException'{0x0000000085513c48}: com/zaxxer/hikari/HikariDataSourceCustomizer> (0x0000000085513c48) 
thrown [t:\workspace\open\src\hotspot\share\classfile\systemDictionary.cpp, line 256]
Event: 15.191 Thread 0x000001cfd33e7600 Exception <a 'java/lang/ClassNotFoundException'{0x000000008554c660}: javax/sql/DataSourceCustomizer> (0x000000008554c660) 
thrown [t:\workspace\open\src\hotspot\share\classfile\systemDictionary.cpp, line 256]
Event: 15.192 Thread 0x000001cfd33e7600 Exception <a 'java/lang/ClassNotFoundException'{0x0000000085558760}: javax/sql/CommonDataSourceCustomizer> (0x0000000085558760) 
thrown [t:\workspace\open\src\hotspot\share\classfile\systemDictionary.cpp, line 256]
Event: 15.193 Thread 0x000001cfd33e7600 Exception <a 'java/lang/ClassNotFoundException'{0x00000000855616b8}: java/sql/WrapperCustomizer> (0x00000000855616b8) 
thrown [t:\workspace\open\src\hotspot\share\classfile\systemDictionary.cpp, line 256]
Event: 15.196 Thread 0x000001cfd33e7600 Exception <a 'java/lang/ClassNotFoundException'{0x000000008556c890}: com/zaxxer/hikari/HikariConfigMXBeanCustomizer> (0x000000008556c890) 
thrown [t:\workspace\open\src\hotspot\share\classfile\systemDictionary.cpp, line 256]
Event: 15.238 Thread 0x000001cfd33e7600 Implicit null exception at 0x000001cfe29d2b63 to 0x000001cfe29d31d0
Event: 15.955 Thread 0x000001cfd33e7600 Exception <a 'java/lang/NoSuchMethodError'{0x0000000086150010}: 'void java.lang.invoke.DirectMethodHandle$Holder.invokeStaticInit(java.lang.Object, java.lang.Object, java.lang.Object, java.lang.Object, java.lang.Object)'> (0x0000000086150010) 
thrown [t:\workspace\open\src\hotspot\share\interpreter\linkResolver.cpp, line 766]
Event: 16.024 Thread 0x000001cfd33e7600 Exception <a 'java/lang/NoSuchMethodError'{0x0000000085e86340}: 'java.lang.Object java.lang.invoke.DirectMethodHandle$Holder.invokeStatic(java.lang.Object, int, java.lang.Object)'> (0x0000000085e86340) 
thrown [t:\workspace\open\src\hotspot\share\interpreter\linkResolver.cpp, line 766]

VM Operations (20 events):
Event: 14.488 Executing VM operation: HandshakeAllThreads
Event: 14.488 Executing VM operation: HandshakeAllThreads done
Event: 14.600 Executing VM operation: HandshakeAllThreads
Event: 14.600 Executing VM operation: HandshakeAllThreads done
Event: 14.600 Executing VM operation: Cleanup
Event: 14.600 Executing VM operation: Cleanup done
Event: 15.602 Executing VM operation: Cleanup
Event: 15.602 Executing VM operation: Cleanup done
Event: 15.751 Executing VM operation: HandshakeAllThreads
Event: 15.751 Executing VM operation: HandshakeAllThreads done
Event: 15.843 Executing VM operation: CollectForMetadataAllocation
Event: 15.854 Executing VM operation: CollectForMetadataAllocation done
Event: 15.896 Executing VM operation: G1Concurrent
Event: 15.899 Executing VM operation: G1Concurrent done
Event: 15.907 Executing VM operation: Cleanup
Event: 15.907 Executing VM operation: Cleanup done
Event: 15.912 Executing VM operation: G1Concurrent
Event: 15.912 Executing VM operation: G1Concurrent done
Event: 15.959 Executing VM operation: HandshakeAllThreads
Event: 15.959 Executing VM operation: HandshakeAllThreads done

Events (20 events):
Event: 15.946 loading class java/util/concurrent/atomic/AtomicLongFieldUpdater$CASUpdater$1
Event: 15.946 loading class java/util/concurrent/atomic/AtomicLongFieldUpdater$CASUpdater$1 done
Event: 16.018 loading class java/time/zone/ZoneRulesProvider
Event: 16.018 loading class java/time/zone/ZoneRulesProvider done
Event: 16.018 loading class java/time/zone/ZoneRulesProvider$1
Event: 16.018 loading class java/time/zone/ZoneRulesProvider$1 done
Event: 16.018 loading class java/time/zone/TzdbZoneRulesProvider
Event: 16.018 loading class java/time/zone/TzdbZoneRulesProvider done
Event: 16.021 loading class java/time/zone/Ser
Event: 16.021 loading class java/time/zone/Ser done
Event: 16.022 loading class java/time/DayOfWeek
Event: 16.022 loading class java/time/DayOfWeek done
Event: 16.022 loading class java/time/zone/ZoneOffsetTransitionRule$TimeDefinition
Event: 16.022 loading class java/time/zone/ZoneOffsetTransitionRule$TimeDefinition done
Event: 16.022 loading class java/time/zone/ZoneOffsetTransition
Event: 16.022 loading class java/time/zone/ZoneOffsetTransition done
Event: 16.024 loading class java/time/temporal/TemporalAdjusters
Event: 16.024 loading class java/time/temporal/TemporalAdjusters done
Event: 16.025 loading class java/time/zone/ZoneOffsetTransitionRule$1
Event: 16.025 loading class java/time/zone/ZoneOffsetTransitionRule$1 done


Dynamic libraries:
0x00007ff669ff0000 - 0x00007ff66a000000 	C:\Program Files\Java\jdk-17.0.2\bin\javaw.exe
0x00007ff9e8630000 - 0x00007ff9e8827000 	C:\Windows\SYSTEM32\ntdll.dll
0x00007ff9c7200000 - 0x00007ff9c7217000 	C:\Program Files\Avast Software\Avast\aswhook.dll
0x00007ff9e77d0000 - 0x00007ff9e788d000 	C:\Windows\System32\KERNEL32.DLL
0x00007ff9e63c0000 - 0x00007ff9e668d000 	C:\Windows\System32\KERNELBASE.dll
0x00007ff9e5e50000 - 0x00007ff9e5f50000 	C:\Windows\System32\ucrtbase.dll
0x00007ff9defa0000 - 0x00007ff9defba000 	C:\Program Files\Java\jdk-17.0.2\bin\VCRUNTIME140.dll
0x00007ff9e1130000 - 0x00007ff9e1148000 	C:\Program Files\Java\jdk-17.0.2\bin\jli.dll
0x00007ff9e7dd0000 - 0x00007ff9e7e7e000 	C:\Windows\System32\ADVAPI32.dll
0x00007ff9e7e80000 - 0x00007ff9e7f1e000 	C:\Windows\System32\msvcrt.dll
0x00007ff9e7370000 - 0x00007ff9e740c000 	C:\Windows\System32\sechost.dll
0x00007ff9e7410000 - 0x00007ff9e7535000 	C:\Windows\System32\RPCRT4.dll
0x00007ff9e7c30000 - 0x00007ff9e7dd0000 	C:\Windows\System32\USER32.dll
0x00007ff9e6320000 - 0x00007ff9e6342000 	C:\Windows\System32\win32u.dll
0x00007ff9d2bd0000 - 0x00007ff9d2e6a000 	C:\Windows\WinSxS\amd64_microsoft.windows.common-controls_6595b64144ccf1df_6.0.19041.1110_none_60b5254171f9507e\COMCTL32.dll
0x00007ff9e7540000 - 0x00007ff9e756a000 	C:\Windows\System32\GDI32.dll
0x00007ff9e5fe0000 - 0x00007ff9e60eb000 	C:\Windows\System32\gdi32full.dll
0x00007ff9e6120000 - 0x00007ff9e61bd000 	C:\Windows\System32\msvcp_win.dll
0x00007ff9dcae0000 - 0x00007ff9dcaea000 	C:\Windows\SYSTEM32\VERSION.dll
0x00007ff9e66f0000 - 0x00007ff9e6720000 	C:\Windows\System32\IMM32.DLL
0x00007ff9e12b0000 - 0x00007ff9e12bc000 	C:\Program Files\Java\jdk-17.0.2\bin\vcruntime140_1.dll
0x00007ff9cae90000 - 0x00007ff9caf1d000 	C:\Program Files\Java\jdk-17.0.2\bin\msvcp140.dll
0x00007ff982c20000 - 0x00007ff9837e1000 	C:\Program Files\Java\jdk-17.0.2\bin\server\jvm.dll
0x00007ff9e7f40000 - 0x00007ff9e7f48000 	C:\Windows\System32\PSAPI.DLL
0x00007ff9d0da0000 - 0x00007ff9d0dc7000 	C:\Windows\SYSTEM32\WINMM.dll
0x00007ff9d6960000 - 0x00007ff9d6969000 	C:\Windows\SYSTEM32\WSOCK32.dll
0x00007ff9e7650000 - 0x00007ff9e76bb000 	C:\Windows\System32\WS2_32.dll
0x00007ff9e3e30000 - 0x00007ff9e3e42000 	C:\Windows\SYSTEM32\kernel.appcore.dll
0x00007ff9dff50000 - 0x00007ff9dff5a000 	C:\Program Files\Java\jdk-17.0.2\bin\jimage.dll
0x00007ff9da2c0000 - 0x00007ff9da4a4000 	C:\Windows\SYSTEM32\DBGHELP.DLL
0x00007ff9da290000 - 0x00007ff9da2bc000 	C:\Windows\SYSTEM32\dbgcore.DLL
0x00007ff9e5f50000 - 0x00007ff9e5fd2000 	C:\Windows\System32\bcryptPrimitives.dll
0x00007ff9ccbe0000 - 0x00007ff9ccc1b000 	C:\Program Files\Java\jdk-17.0.2\bin\jdwp.dll
0x00007ff9dff90000 - 0x00007ff9dff9e000 	C:\Program Files\Java\jdk-17.0.2\bin\instrument.dll
0x00007ff9d0e10000 - 0x00007ff9d0e35000 	C:\Program Files\Java\jdk-17.0.2\bin\java.dll
0x00007ff9c63b0000 - 0x00007ff9c6486000 	C:\Program Files\Java\jdk-17.0.2\bin\jsvml.dll
0x00007ff9e6720000 - 0x00007ff9e6e64000 	C:\Windows\System32\SHELL32.dll
0x00007ff9e3e50000 - 0x00007ff9e45e4000 	C:\Windows\SYSTEM32\windows.storage.dll
0x00007ff9e7f50000 - 0x00007ff9e82a4000 	C:\Windows\System32\combase.dll
0x00007ff9e56e0000 - 0x00007ff9e570c000 	C:\Windows\SYSTEM32\Wldp.dll
0x00007ff9e7720000 - 0x00007ff9e77cd000 	C:\Windows\System32\SHCORE.dll
0x00007ff9e6690000 - 0x00007ff9e66e5000 	C:\Windows\System32\shlwapi.dll
0x00007ff9e5c90000 - 0x00007ff9e5caf000 	C:\Windows\SYSTEM32\profapi.dll
0x00007ff9dff60000 - 0x00007ff9dff6c000 	C:\Program Files\Java\jdk-17.0.2\bin\dt_socket.dll
0x00007ff9e5130000 - 0x00007ff9e516b000 	C:\Windows\SYSTEM32\IPHLPAPI.DLL
0x00007ff9e5440000 - 0x00007ff9e54aa000 	C:\Windows\system32\mswsock.dll
0x00007ff9e5170000 - 0x00007ff9e523b000 	C:\Windows\SYSTEM32\DNSAPI.dll
0x00007ff9e7890000 - 0x00007ff9e7898000 	C:\Windows\System32\NSI.dll
0x00007ff9da240000 - 0x00007ff9da24a000 	C:\Windows\System32\rasadhlp.dll
0x00007ff9d7440000 - 0x00007ff9d74c0000 	C:\Windows\System32\fwpuclnt.dll
0x00007ff9e60f0000 - 0x00007ff9e6117000 	C:\Windows\System32\bcrypt.dll
0x00007ff9d2a30000 - 0x00007ff9d2a48000 	C:\Program Files\Java\jdk-17.0.2\bin\zip.dll
0x00007ff9d03a0000 - 0x00007ff9d03b9000 	C:\Program Files\Java\jdk-17.0.2\bin\net.dll
0x00007ff9d74c0000 - 0x00007ff9d75ca000 	C:\Windows\SYSTEM32\WINHTTP.dll
0x00007ff9cfac0000 - 0x00007ff9cfad6000 	C:\Program Files\Java\jdk-17.0.2\bin\nio.dll
0x00007ff9d2900000 - 0x00007ff9d2910000 	C:\Program Files\Java\jdk-17.0.2\bin\verify.dll
0x00007ff9dcac0000 - 0x00007ff9dcad7000 	C:\Windows\SYSTEM32\dhcpcsvc6.DLL
0x00007ff9dd150000 - 0x00007ff9dd16d000 	C:\Windows\SYSTEM32\dhcpcsvc.DLL
0x00007ff9def30000 - 0x00007ff9def39000 	C:\Program Files\Java\jdk-17.0.2\bin\management.dll
0x00007ff9d62b0000 - 0x00007ff9d62bb000 	C:\Program Files\Java\jdk-17.0.2\bin\management_ext.dll
0x00007ff9cf920000 - 0x00007ff9cf937000 	C:\Windows\system32\napinsp.dll
0x00007ff9cf070000 - 0x00007ff9cf08b000 	C:\Windows\system32\pnrpnsp.dll
0x00007ff9dfae0000 - 0x00007ff9dfaf5000 	C:\Windows\system32\wshbth.dll
0x00007ff9e1650000 - 0x00007ff9e166d000 	C:\Windows\system32\NLAapi.dll
0x00007ff9cf940000 - 0x00007ff9cf952000 	C:\Windows\System32\winrnr.dll
0x00007ff9e5640000 - 0x00007ff9e5658000 	C:\Windows\SYSTEM32\CRYPTSP.dll
0x00007ff9e4dc0000 - 0x00007ff9e4df4000 	C:\Windows\system32\rsaenh.dll
0x00007ff9e5c50000 - 0x00007ff9e5c7e000 	C:\Windows\SYSTEM32\USERENV.dll
0x00007ff9e5630000 - 0x00007ff9e563c000 	C:\Windows\SYSTEM32\CRYPTBASE.dll
0x00007ff9d6260000 - 0x00007ff9d626e000 	C:\Program Files\Java\jdk-17.0.2\bin\sunmscapi.dll
0x00007ff9e61c0000 - 0x00007ff9e6316000 	C:\Windows\System32\CRYPT32.dll
0x00007ff9e5750000 - 0x00007ff9e5777000 	C:\Windows\SYSTEM32\ncrypt.dll
0x00007ff9e5710000 - 0x00007ff9e574b000 	C:\Windows\SYSTEM32\NTASN1.dll

dbghelp: loaded successfully - version: 4.0.5 - missing functions: none
symbol engine: initialized successfully - sym options: 0x614 - pdb path: .;C:\Program Files\Java\jdk-17.0.2\bin;C:\Windows\SYSTEM32;C:\Program Files\Avast Software\Avast;C:\Windows\WinSxS\amd64_microsoft.windows.common-controls_6595b64144ccf1df_6.0.19041.1110_none_60b5254171f9507e;C:\Program Files\Java\jdk-17.0.2\bin\server

VM Arguments:
jvm_args: -XX:+ShowCodeDetailsInExceptionMessages -agentlib:jdwp=transport=dt_socket,suspend=y,address=localhost:65435 -ea -javaagent:C:\Users\BUYPC\Desktop\sts-4.16.0.RELEASE\configuration\org.eclipse.osgi\268\0\.cp\lib\javaagent-shaded.jar -Dfile.encoding=UTF-8 
java_command: org.eclipse.jdt.internal.junit.runner.RemoteTestRunner -version 3 -port 65434 -testLoaderClass org.eclipse.jdt.internal.junit5.runner.JUnit5TestLoader -loaderpluginname org.eclipse.jdt.junit5.runtime -test com.example.demo.CodingTestApplicationTests:getSurburbByPostCode
java_class_path (initial): C:\Users\BUYPC\Documents\workspace-spring-tool-suite-4-4.16.0.RELEASE\CodingTest\target\test-classes;C:\Users\BUYPC\Documents\workspace-spring-tool-suite-4-4.16.0.RELEASE\CodingTest\target\classes;C:\Users\BUYPC\.m2\repository\org\springframework\boot\spring-boot-starter-data-jpa\2.7.4\spring-boot-starter-data-jpa-2.7.4.jar;C:\Users\BUYPC\.m2\repository\org\springframework\boot\spring-boot-starter-aop\2.7.4\spring-boot-starter-aop-2.7.4.jar;C:\Users\BUYPC\.m2\repository\org\springframework\spring-aop\5.3.23\spring-aop-5.3.23.jar;C:\Users\BUYPC\.m2\repository\org\aspectj\aspectjweaver\1.9.7\aspectjweaver-1.9.7.jar;C:\Users\BUYPC\.m2\repository\org\springframework\boot\spring-boot-starter-jdbc\2.7.4\spring-boot-starter-jdbc-2.7.4.jar;C:\Users\BUYPC\.m2\repository\com\zaxxer\HikariCP\4.0.3\HikariCP-4.0.3.jar;C:\Users\BUYPC\.m2\repository\org\springframework\spring-jdbc\5.3.23\spring-jdbc-5.3.23.jar;C:\Users\BUYPC\.m2\repository\jakarta\transaction\jakarta.transaction-api\1.3.3\jakarta.transaction-api-1.3.3.jar;C:\Users\BUYPC\.m2\repository\jakarta\persistence\jakarta.persistence-api\2.2.3\jakarta.persistence-api-2.2.3.jar;C:\Users\BUYPC\.m2\repository\org\hibernate\hibernate-core\5.6.11.Final\hibernate-core-5.6.11.Final.jar;C:\Users\BUYPC\.m2\repository\org\jboss\logging\jboss-logging\3.4.3.Final\jboss-logging-3.4.3.Final.jar;C:\Users\BUYPC\.m2\repository\net\bytebuddy\byte-buddy\1.12.17\byte-buddy-1.12.17.jar;C:\Users\BUYPC\.m2\repository\antlr\antlr\2.7.7\antlr-2.7.7.jar;C:\Users\BUYPC\.m2\repository\org\jboss\jandex\2.4.2.Final\jandex-2.4.2.Final.jar;C:\Users\BUYPC\.m2\repository\com\fasterxml\classmate\1.5.1\classmate-1.5.1.jar;C:\Users\BUYPC\.m2\repository\org\hibernate\common\hibernate-commons-annotations\5.1.2.Final\hibernate-commons-annotations-5.1.2.Final.jar;C:\Users\BUYPC\.m2\repository\org\glassfish\jaxb\jaxb-runtime\2.3.6\jaxb-runtime-2.3.6.jar;C:\Users\BUYPC\.m2\repository\org\glassfish\jaxb\txw2\2.3.6\txw2-2.3.6.jar;C:\Users\
Launcher Type: SUN_STANDARD

[Global flags]
     intx CICompilerCount                          = 3                                         {product} {ergonomic}
     uint ConcGCThreads                            = 1                                         {product} {ergonomic}
     uint G1ConcRefinementThreads                  = 4                                         {product} {ergonomic}
   size_t G1HeapRegionSize                         = 1048576                                   {product} {ergonomic}
    uintx GCDrainStackTargetSize                   = 64                                        {product} {ergonomic}
   size_t InitialHeapSize                          = 134217728                                 {product} {ergonomic}
   size_t MarkStackSize                            = 4194304                                   {product} {ergonomic}
   size_t MaxHeapSize                              = 2118123520                                {product} {ergonomic}
   size_t MaxNewSize                               = 1270874112                                {product} {ergonomic}
   size_t MinHeapDeltaBytes                        = 1048576                                   {product} {ergonomic}
   size_t MinHeapSize                              = 8388608                                   {product} {ergonomic}
    uintx NonNMethodCodeHeapSize                   = 5832780                                {pd product} {ergonomic}
    uintx NonProfiledCodeHeapSize                  = 122912730                              {pd product} {ergonomic}
    uintx ProfiledCodeHeapSize                     = 122912730                              {pd product} {ergonomic}
    uintx ReservedCodeCacheSize                    = 251658240                              {pd product} {ergonomic}
     bool SegmentedCodeCache                       = true                                      {product} {ergonomic}
     bool ShowCodeDetailsInExceptionMessages       = true                                   {manageable} {command line}
   size_t SoftMaxHeapSize                          = 2118123520                             {manageable} {ergonomic}
     bool UseCompressedClassPointers               = true                           {product lp64_product} {ergonomic}
     bool UseCompressedOops                        = true                           {product lp64_product} {ergonomic}
     bool UseG1GC                                  = true                                      {product} {ergonomic}
     bool UseLargePagesIndividualAllocation        = false                                  {pd product} {ergonomic}

Logging:
Log output configuration:
 #0: stdout all=warning uptime,level,tags
 #1: stderr all=off uptime,level,tags

Environment Variables:
JAVA_HOME=C:\Program Files\Java\jdk-17.0.2
PATH=C:/Users/BUYPC/Desktop/sts-4.16.0.RELEASE//plugins/org.eclipse.justj.openjdk.hotspot.jre.full.win32.x86_64_17.0.4.v20220903-1038/jre/bin/server;C:/Users/BUYPC/Desktop/sts-4.16.0.RELEASE//plugins/org.eclipse.justj.openjdk.hotspot.jre.full.win32.x86_64_17.0.4.v20220903-1038/jre/bin;C:\Program Files\Common Files\Oracle\Java\javapath;C:\Program Files\Java\jdk-16.0.2\bin;C:\Windows\system32;C:\Windows;C:\Windows\System32\Wbem;C:\Windows\System32\WindowsPowerShell\v1.0\;C:\Windows\System32\OpenSSH\;C:\Users\BUYPC\Desktop\apache-maven-3.8.4-bin\apache-maven-3.8.4\bin;C:\Program Files\Git\cmd;C:\Program Files\nodejs\;C:\ProgramData\Microsoft\Windows\Start Menu\Programs\MySQL\MySQL Server 8.0;C:\Users\BUYPC\Downloads\sonarqube-8.9.9.56886\sonarqube-8.9.9.56886\bin;C:\Program Files\MySQL\MySQL Shell 8.0\bin\;C:\Users\BUYPC\AppData\Local\Microsoft\WindowsApps;C:\Users\BUYPC\AppData\Roaming\npm;C:\Users\BUYPC\AppData\Local\Programs\Microsoft VS Code\bin;C:\Users\BUYPC\Desktop\;C:\Users\BUYPC\Desktop\sts-4.16.0.RELEASE;
USERNAME=BUYPC
OS=Windows_NT
PROCESSOR_IDENTIFIER=Intel64 Family 6 Model 42 Stepping 7, GenuineIntel



---------------  S Y S T E M  ---------------

OS:
 Windows 10 , 64 bit Build 19041 (10.0.19041.1741)
OS uptime: 2 days 11:21 hours

CPU: total 4 (initial active 4) (2 cores per cpu, 2 threads per core) family 6 model 42 stepping 7 microcode 0x2f, cx8, cmov, fxsr, ht, mmx, sse, sse2, sse3, ssse3, sse4.1, sse4.2, popcnt, tsc, tscinvbit, avx, aes, clmul, vzeroupper, clflush

Memory: 4k page, system-wide physical 8073M (638M free)
TotalPageFile size 17172M (AvailPageFile size 5598M)
current process WorkingSet (physical memory assigned to process): 255M, peak: 262M
current process commit charge ("private bytes"): 288M, peak: 303M

vm_info: Java HotSpot(TM) 64-Bit Server VM (17.0.2+8-LTS-86) for windows-amd64 JRE (17.0.2+8-LTS-86), built on Dec  7 2021 21:51:03 by "mach5one" with MS VC++ 16.8 / 16.9 (VS2019)

END.
